<?xml version="1.0" encoding="UTF-8"?>
<!-- Generated by org.testng.reporters.JUnitReportReporter -->
<testsuite hostname="LAPTOP-J64VV9VG" failures="0" tests="2" name="PeopleNTech.Automationtraining.SignInAmazon" time="59.351" errors="0" timestamp="2021-12-21T18:24:53 EST" skipped="0">
  <testcase classname="PeopleNTech.Automationtraining.SignInAmazon" name="VerificationOfText" time="29.992"/>
  <system-out/>
  <testcase classname="PeopleNTech.Automationtraining.SignInAmazon" name="f" time="29.359"/>
  <system-out/>
</testsuite> <!-- PeopleNTech.Automationtraining.SignInAmazon -->
