<?xml version="1.0" encoding="UTF-8"?>
<!-- Generated by org.testng.reporters.JUnitReportReporter -->
<testsuite hostname="LAPTOP-J64VV9VG" failures="0" tests="1" name="PeopleNTech.Automationtraining.SignInAmazon" time="25.873" errors="0" timestamp="2021-12-08T21:51:25 EST" skipped="0">
  <testcase classname="PeopleNTech.Automationtraining.SignInAmazon" name="f" time="25.873"/>
  <system-out/>
</testsuite> <!-- PeopleNTech.Automationtraining.SignInAmazon -->
