<?xml version="1.0" encoding="UTF-8"?>
<!-- Generated by org.testng.reporters.JUnitReportReporter -->
<testsuite hostname="LAPTOP-J64VV9VG" failures="0" tests="2" name="PeopleNTech.Automationtraining.SignInAmazon" time="71.593" errors="0" timestamp="2021-12-15T21:55:01 EST" skipped="0">
  <testcase classname="PeopleNTech.Automationtraining.SignInAmazon" name="VerificationOfText" time="38.361"/>
  <system-out/>
  <testcase classname="PeopleNTech.Automationtraining.SignInAmazon" name="f" time="33.232"/>
  <system-out/>
</testsuite> <!-- PeopleNTech.Automationtraining.SignInAmazon -->
