<?xml version="1.0" encoding="UTF-8"?>
<!-- Generated by org.testng.reporters.JUnitReportReporter -->
<testsuite hostname="LAPTOP-J64VV9VG" failures="0" tests="6" name="PeopleNTech.Automationtraining.Providing" time="92.416" errors="0" timestamp="2021-12-21T22:35:29 EST" skipped="0">
  <testcase classname="PeopleNTech.Automationtraining.Providing" name="f" time="15.167"/>
  <system-out/>
  <testcase classname="PeopleNTech.Automationtraining.Providing" name="f" time="15.958"/>
  <system-out/>
  <testcase classname="PeopleNTech.Automationtraining.Providing" name="f" time="14.994"/>
  <system-out/>
  <testcase classname="PeopleNTech.Automationtraining.Providing" name="f" time="15.436"/>
  <system-out/>
  <testcase classname="PeopleNTech.Automationtraining.Providing" name="f" time="15.364"/>
  <system-out/>
  <testcase classname="PeopleNTech.Automationtraining.Providing" name="f" time="15.497"/>
  <system-out/>
</testsuite> <!-- PeopleNTech.Automationtraining.Providing -->
