<?xml version="1.0" encoding="UTF-8"?>
<!-- Generated by org.testng.reporters.JUnitReportReporter -->
<testsuite hostname="LAPTOP-J64VV9VG" failures="0" tests="2" name="PeopleNTech.Automationtraining.SignInAmazon2" time="70.606" errors="0" timestamp="2021-12-15T21:55:01 EST" skipped="0">
  <testcase classname="PeopleNTech.Automationtraining.SignInAmazon2" name="VerificationOfText" time="36.046"/>
  <system-out/>
  <testcase classname="PeopleNTech.Automationtraining.SignInAmazon2" name="f" time="34.560"/>
  <system-out/>
</testsuite> <!-- PeopleNTech.Automationtraining.SignInAmazon2 -->
