<?xml version="1.0" encoding="UTF-8"?>
<!-- Generated by org.testng.reporters.JUnitReportReporter -->
<testsuite hostname="LAPTOP-J64VV9VG" failures="0" tests="2" name="PeopleNTech.Automationtraining.NewTestAnnotations" time="0.016" errors="0" timestamp="2021-12-08T19:21:23 EST" skipped="0">
  <testcase classname="PeopleNTech.Automationtraining.NewTestAnnotations" name="f" time="0.011"/>
  <system-out/>
  <testcase classname="PeopleNTech.Automationtraining.NewTestAnnotations" name="f6" time="0.005"/>
  <system-out/>
</testsuite> <!-- PeopleNTech.Automationtraining.NewTestAnnotations -->
